2022-03-25 09:16:53.131 [main] WARN  o.s.b.w.s.c.AnnotationConfigServletWebServerApplicationContext -
                Exception encountered during context initialization - cancelling refresh attempt: org.springframework.beans.factory.BeanCreationException: Error creating bean with name 'constantWXUtils': Injection of autowired dependencies failed; nested exception is java.lang.IllegalArgumentException: Could not resolve placeholder 'wx.open.app_id' in value "${wx.open.app_id}"
2022-03-25 09:19:25.235 [main] WARN  o.s.b.w.s.c.AnnotationConfigServletWebServerApplicationContext -
                Exception encountered during context initialization - cancelling refresh attempt: org.springframework.beans.factory.BeanCreationException: Error creating bean with name 'constantWXUtils': Injection of autowired dependencies failed; nested exception is java.lang.IllegalArgumentException: Could not resolve placeholder 'wx.open.app_id' in value "${wx.open.app_id}"
2022-03-25 09:22:14.182 [main] WARN  o.s.b.w.s.c.AnnotationConfigServletWebServerApplicationContext -
                Exception encountered during context initialization - cancelling refresh attempt: org.springframework.beans.factory.BeanCreationException: Error creating bean with name 'constantWXUtils': Injection of autowired dependencies failed; nested exception is java.lang.IllegalArgumentException: Could not resolve placeholder 'wx.open.app_id' in value "${wx.open.app_id}"
2022-03-25 09:25:45.455 [main] WARN  o.s.b.w.s.c.AnnotationConfigServletWebServerApplicationContext -
                Exception encountered during context initialization - cancelling refresh attempt: org.springframework.beans.factory.BeanCreationException: Error creating bean with name 'constantWXUtils': Injection of autowired dependencies failed; nested exception is java.lang.IllegalArgumentException: Could not resolve placeholder 'wx.open.app_id' in value "${wx.open.app_id}"
2022-03-25 09:27:55.838 [main] WARN  com.netflix.config.sources.URLConfigurationSource -
                No URLs will be polled as dynamic configuration sources.
2022-03-25 09:27:55.842 [main] WARN  com.netflix.config.sources.URLConfigurationSource -
                No URLs will be polled as dynamic configuration sources.
2022-03-25 09:40:46.607 [main] WARN  com.netflix.config.sources.URLConfigurationSource -
                No URLs will be polled as dynamic configuration sources.
2022-03-25 09:40:46.612 [main] WARN  com.netflix.config.sources.URLConfigurationSource -
                No URLs will be polled as dynamic configuration sources.
2022-03-25 09:41:38.575 [HikariPool-1 housekeeper] WARN  com.zaxxer.hikari.pool.HikariPool -
                HikariPool-1 - Thread starvation or clock leap detected (housekeeper delta=52s800ms599µs500ns).
2022-03-25 09:42:42.334 [HikariPool-1 housekeeper] WARN  com.zaxxer.hikari.pool.HikariPool -
                HikariPool-1 - Thread starvation or clock leap detected (housekeeper delta=1m3s758ms645µs100ns).
2022-03-25 09:45:22.950 [main] WARN  o.s.b.w.s.c.AnnotationConfigServletWebServerApplicationContext -
                Exception encountered during context initialization - cancelling refresh attempt: org.springframework.beans.factory.BeanCreationException: Error creating bean with name 'eduCommentController': Injection of resource dependencies failed; nested exception is org.springframework.beans.factory.BeanCreationException: Error creating bean with name 'eduCommentServiceImpl': Injection of resource dependencies failed; nested exception is org.springframework.beans.factory.BeanCreationException: Error creating bean with name 'com.atguigu.eduservice.feignclient.UcenterClient': FactoryBean threw exception on object creation; nested exception is java.lang.IllegalStateException: No fallback instance of type class com.atguigu.eduservice.feignclient.UcenterClientFallbackMethod found for feign client service-ucenter
2022-03-25 10:58:32.356 [main] WARN  com.netflix.config.sources.URLConfigurationSource -
                No URLs will be polled as dynamic configuration sources.
2022-03-25 10:58:32.359 [main] WARN  com.netflix.config.sources.URLConfigurationSource -
                No URLs will be polled as dynamic configuration sources.
2022-03-25 11:01:04.620 [main] WARN  com.netflix.config.sources.URLConfigurationSource -
                No URLs will be polled as dynamic configuration sources.
2022-03-25 11:01:04.625 [main] WARN  com.netflix.config.sources.URLConfigurationSource -
                No URLs will be polled as dynamic configuration sources.
2022-03-25 11:05:48.415 [main] WARN  com.netflix.config.sources.URLConfigurationSource -
                No URLs will be polled as dynamic configuration sources.
2022-03-25 11:05:48.418 [main] WARN  com.netflix.config.sources.URLConfigurationSource -
                No URLs will be polled as dynamic configuration sources.
2022-03-25 11:08:05.223 [main] WARN  com.netflix.config.sources.URLConfigurationSource -
                No URLs will be polled as dynamic configuration sources.
2022-03-25 11:08:05.229 [main] WARN  com.netflix.config.sources.URLConfigurationSource -
                No URLs will be polled as dynamic configuration sources.
2022-03-25 11:10:47.049 [main] WARN  o.s.b.w.s.c.AnnotationConfigServletWebServerApplicationContext -
                Exception encountered during context initialization - cancelling refresh attempt: org.springframework.beans.factory.BeanCreationException: Error creating bean with name 'eduCommentController': Injection of resource dependencies failed; nested exception is org.springframework.beans.factory.BeanCreationException: Error creating bean with name 'eduCommentServiceImpl': Injection of resource dependencies failed; nested exception is org.springframework.beans.factory.BeanCreationException: Error creating bean with name 'com.atguigu.eduservice.feignclient.UcenterClient': FactoryBean threw exception on object creation; nested exception is java.lang.IllegalStateException: No fallback instance of type class com.atguigu.eduservice.feignclient.UcenterClientFallbackMethod found for feign client service-ucenter
2022-03-25 11:11:16.036 [main] WARN  com.netflix.config.sources.URLConfigurationSource -
                No URLs will be polled as dynamic configuration sources.
2022-03-25 11:11:16.040 [main] WARN  com.netflix.config.sources.URLConfigurationSource -
                No URLs will be polled as dynamic configuration sources.
2022-03-25 11:45:46.671 [main] WARN  com.netflix.config.sources.URLConfigurationSource -
                No URLs will be polled as dynamic configuration sources.
2022-03-25 11:45:46.675 [main] WARN  com.netflix.config.sources.URLConfigurationSource -
                No URLs will be polled as dynamic configuration sources.
2022-03-25 15:22:15.381 [main] WARN  com.netflix.config.sources.URLConfigurationSource -
                No URLs will be polled as dynamic configuration sources.
2022-03-25 15:22:15.386 [main] WARN  com.netflix.config.sources.URLConfigurationSource -
                No URLs will be polled as dynamic configuration sources.
